Using pre-set license
Built from '2020.3/staging' branch; Version is '2020.3.38f1 (8f5fde82e2dc) revision 9396190'; Using compiler version '192528614'; Build Type 'Release'
OS: 'Windows 10  (10.0.19045) 64bit Core' Language: 'en' Physical Memory: 32176 MB
BatchMode: 1, IsHumanControllingUs: 0, StartBugReporterOnCrash: 0, Is64bit: 1, IsPro: 0

COMMAND LINE ARGUMENTS:
C:\Program Files\Unity\Hub\Editor\2020.3.38f1\Editor\Unity.exe
-adb2
-batchMode
-noUpm
-name
AssetImportWorker0
-projectPath
C:/Users/Rob/Documents/_GitHub/Unity-Arduino/Ardity
-logFile
Logs/AssetImportWorker0.log
-srvPort
53673
Successfully changed project path to: C:/Users/Rob/Documents/_GitHub/Unity-Arduino/Ardity
C:/Users/Rob/Documents/_GitHub/Unity-Arduino/Ardity
Using Asset Import Pipeline V2.
Refreshing native plugins compatible for Editor in 25.30 ms, found 2 plugins.
Preloading 0 native plugins for Editor in 0.00 ms.
Initialize engine version: 2020.3.38f1 (8f5fde82e2dc)
[Subsystems] Discovering subsystems at path C:/Program Files/Unity/Hub/Editor/2020.3.38f1/Editor/Data/Resources/UnitySubsystems
[Subsystems] Discovering subsystems at path C:/Users/Rob/Documents/_GitHub/Unity-Arduino/Ardity/Assets
GfxDevice: creating device client; threaded=0
Direct3D:
    Version:  Direct3D 11.0 [level 11.1]
    Renderer: NVIDIA GeForce RTX 3060 Laptop GPU (ID=0x2520)
    Vendor:   
    VRAM:     6009 MB
    Driver:   31.0.15.2698
Initialize mono
Mono path[0] = 'C:/Program Files/Unity/Hub/Editor/2020.3.38f1/Editor/Data/Managed'
Mono path[1] = 'C:/Program Files/Unity/Hub/Editor/2020.3.38f1/Editor/Data/MonoBleedingEdge/lib/mono/unityjit'
Mono config path = 'C:/Program Files/Unity/Hub/Editor/2020.3.38f1/Editor/Data/MonoBleedingEdge/etc'
Using monoOptions --debugger-agent=transport=dt_socket,embedding=1,server=y,suspend=n,address=127.0.0.1:56468
Begin MonoManager ReloadAssembly
Registering precompiled unity dll's ...
Register platform support module: C:/Program Files/Unity/Hub/Editor/2020.3.38f1/Editor/Data/PlaybackEngines/WindowsStandaloneSupport/UnityEditor.WindowsStandalone.Extensions.dll
Registered in 0.001485 seconds.
Native extension for WindowsStandalone target not found
Refreshing native plugins compatible for Editor in 23.67 ms, found 2 plugins.
Preloading 0 native plugins for Editor in 0.00 ms.
Mono: successfully reloaded assembly
- Completed reload, in  0.419 seconds
Domain Reload Profiling:
	ReloadAssembly (419ms)
		BeginReloadAssembly (47ms)
			ExecutionOrderSort (0ms)
			DisableScriptedObjects (0ms)
			BackupInstance (0ms)
			ReleaseScriptingObjects (0ms)
			CreateAndSetChildDomain (1ms)
		EndReloadAssembly (319ms)
			LoadAssemblies (46ms)
			RebuildTransferFunctionScriptingTraits (0ms)
			SetupTypeCache (95ms)
			ReleaseScriptCaches (0ms)
			RebuildScriptCaches (19ms)
			SetupLoadedEditorAssemblies (131ms)
				LogAssemblyErrors (0ms)
				InitializePlatformSupportModulesInManaged (3ms)
				SetLoadedEditorAssemblies (0ms)
				RefreshPlugins (24ms)
				BeforeProcessingInitializeOnLoad (13ms)
				ProcessInitializeOnLoadAttributes (70ms)
				ProcessInitializeOnLoadMethodAttributes (20ms)
				AfterProcessingInitializeOnLoad (0ms)
				EditorAssembliesLoaded (0ms)
			ExecutionOrderSort2 (0ms)
			AwakeInstancesAfterBackupRestoration (0ms)
Platform modules already initialized, skipping
Registering precompiled user dll's ...
Registered in 0.002324 seconds.
Begin MonoManager ReloadAssembly
Native extension for WindowsStandalone target not found
Refreshing native plugins compatible for Editor in 0.36 ms, found 2 plugins.
Preloading 0 native plugins for Editor in 0.00 ms.
Mono: successfully reloaded assembly
- Completed reload, in  0.734 seconds
Domain Reload Profiling:
	ReloadAssembly (735ms)
		BeginReloadAssembly (111ms)
			ExecutionOrderSort (0ms)
			DisableScriptedObjects (3ms)
			BackupInstance (0ms)
			ReleaseScriptingObjects (0ms)
			CreateAndSetChildDomain (17ms)
		EndReloadAssembly (577ms)
			LoadAssemblies (71ms)
			RebuildTransferFunctionScriptingTraits (0ms)
			SetupTypeCache (190ms)
			ReleaseScriptCaches (0ms)
			RebuildScriptCaches (27ms)
			SetupLoadedEditorAssemblies (232ms)
				LogAssemblyErrors (0ms)
				InitializePlatformSupportModulesInManaged (4ms)
				SetLoadedEditorAssemblies (0ms)
				RefreshPlugins (0ms)
				BeforeProcessingInitializeOnLoad (61ms)
				ProcessInitializeOnLoadAttributes (151ms)
				ProcessInitializeOnLoadMethodAttributes (10ms)
				AfterProcessingInitializeOnLoad (5ms)
				EditorAssembliesLoaded (0ms)
			ExecutionOrderSort2 (0ms)
			AwakeInstancesAfterBackupRestoration (2ms)
Platform modules already initialized, skipping
========================================================================
Worker process is ready to serve import requests
Launched and connected shader compiler UnityShaderCompiler.exe after 0.04 seconds
Refreshing native plugins compatible for Editor in 0.61 ms, found 2 plugins.
Preloading 0 native plugins for Editor in 0.00 ms.
Unloading 1532 Unused Serialized files (Serialized files now loaded: 0)
System memory in use before: 69.3 MB.
System memory in use after: 69.4 MB.

Unloading 17 unused Assets to reduce memory usage. Loaded Objects now: 1968.
Total: 2.473000 ms (FindLiveObjects: 0.124200 ms CreateObjectMapping: 0.039400 ms MarkObjects: 2.235500 ms  DeleteObjects: 0.072900 ms)

AssetImportParameters requested are different than current active one (requested -> active):
  custom:framework-win-MediaFoundation: 216162199b28c13a410421893ffa2e32 -> 
  custom:video-decoder-ogg-theora: a1e56fd34408186e4bbccfd4996cb3dc -> 
  custom:container-muxer-webm: aa71ff27fc2769a1b78a27578f13a17b -> 
  custom:container-demuxer-webm: 4f35f7cbe854078d1ac9338744f61a02 -> 
  custom:container-demuxer-ogg: 62fdf1f143b41e24485cea50d1cbac27 -> 
  custom:video-encoder-webm-vp8: eb34c28f22e8b96e1ab97ce403110664 -> 
  custom:video-decoder-webm-vp8: 9c59270c3fd7afecdb556c50c9e8de78 -> 
  custom:audio-decoder-ogg-vorbis: bf7c407c2cedff20999df2af8eb42d56 -> 
  custom:audio-encoder-webm-vorbis: bf7c407c2cedff20999df2af8eb42d56 -> 
========================================================================
Received Import Request.
  path: Assets/Ardity/Scripts
  artifactKey: Guid(1bc0a682385922e4f9c223627cc3e21c) Importer(815301076,1909f56bfc062723c751e8b465ee728b)
Start importing Assets/Ardity/Scripts using Guid(1bc0a682385922e4f9c223627cc3e21c) Importer(815301076,1909f56bfc062723c751e8b465ee728b)  -> (artifact id: '2103d40bc1132bd5e4ee1b4a5ec949d2') in 0.006918 seconds 
========================================================================
Received Import Request.
  Time since last request: 0.000137 seconds.
  path: Assets/Ardity/Scripts/SerialController.cs
  artifactKey: Guid(8bc5f48af2cffd747a079fe8c632e2c8) Importer(815301076,1909f56bfc062723c751e8b465ee728b)
Start importing Assets/Ardity/Scripts/SerialController.cs using Guid(8bc5f48af2cffd747a079fe8c632e2c8) Importer(815301076,1909f56bfc062723c751e8b465ee728b)  -> (artifact id: '4d4ab00eba2ff45369fcb32588993989') in 0.024758 seconds 
========================================================================
Received Import Request.
  Time since last request: 0.024799 seconds.
  path: Assets/Ardity/Scripts/SerialControllerCustomDelimiter.cs
  artifactKey: Guid(223f0e4bcadad324e9ab9a12c33326a1) Importer(815301076,1909f56bfc062723c751e8b465ee728b)
Start importing Assets/Ardity/Scripts/SerialControllerCustomDelimiter.cs using Guid(223f0e4bcadad324e9ab9a12c33326a1) Importer(815301076,1909f56bfc062723c751e8b465ee728b)  -> (artifact id: '2da024ea985ad165a4cf281882659ee2') in 0.004800 seconds 
========================================================================
Received Prepare
Refreshing native plugins compatible for Editor in 2.27 ms, found 2 plugins.
Preloading 0 native plugins for Editor in 0.00 ms.
Unloading 10 Unused Serialized files (Serialized files now loaded: 0)
System memory in use before: 38.9 MB.
System memory in use after: 39.0 MB.

Unloading 10 unused Assets to reduce memory usage. Loaded Objects now: 1968.
Total: 2.936500 ms (FindLiveObjects: 0.125800 ms CreateObjectMapping: 0.066200 ms MarkObjects: 2.690400 ms  DeleteObjects: 0.053200 ms)

AssetImportParameters requested are different than current active one (requested -> active):
  custom:framework-win-MediaFoundation: 216162199b28c13a410421893ffa2e32 -> 
  custom:video-decoder-ogg-theora: a1e56fd34408186e4bbccfd4996cb3dc -> 
  custom:container-muxer-webm: aa71ff27fc2769a1b78a27578f13a17b -> 
  custom:container-demuxer-webm: 4f35f7cbe854078d1ac9338744f61a02 -> 
  custom:container-demuxer-ogg: 62fdf1f143b41e24485cea50d1cbac27 -> 
  custom:video-encoder-webm-vp8: eb34c28f22e8b96e1ab97ce403110664 -> 
  custom:video-decoder-webm-vp8: 9c59270c3fd7afecdb556c50c9e8de78 -> 
  custom:audio-decoder-ogg-vorbis: bf7c407c2cedff20999df2af8eb42d56 -> 
  custom:audio-encoder-webm-vorbis: bf7c407c2cedff20999df2af8eb42d56 -> 
========================================================================
Received Prepare
Registering precompiled user dll's ...
Registered in 0.001958 seconds.
Begin MonoManager ReloadAssembly
Native extension for WindowsStandalone target not found
Refreshing native plugins compatible for Editor in 0.36 ms, found 2 plugins.
Preloading 0 native plugins for Editor in 0.00 ms.
Mono: successfully reloaded assembly
- Completed reload, in  0.714 seconds
Domain Reload Profiling:
	ReloadAssembly (714ms)
		BeginReloadAssembly (119ms)
			ExecutionOrderSort (0ms)
			DisableScriptedObjects (3ms)
			BackupInstance (0ms)
			ReleaseScriptingObjects (0ms)
			CreateAndSetChildDomain (29ms)
		EndReloadAssembly (550ms)
			LoadAssemblies (91ms)
			RebuildTransferFunctionScriptingTraits (0ms)
			SetupTypeCache (187ms)
			ReleaseScriptCaches (1ms)
			RebuildScriptCaches (24ms)
			SetupLoadedEditorAssemblies (216ms)
				LogAssemblyErrors (0ms)
				InitializePlatformSupportModulesInManaged (3ms)
				SetLoadedEditorAssemblies (0ms)
				RefreshPlugins (0ms)
				BeforeProcessingInitializeOnLoad (56ms)
				ProcessInitializeOnLoadAttributes (141ms)
				ProcessInitializeOnLoadMethodAttributes (10ms)
				AfterProcessingInitializeOnLoad (5ms)
				EditorAssembliesLoaded (0ms)
			ExecutionOrderSort2 (0ms)
			AwakeInstancesAfterBackupRestoration (2ms)
Platform modules already initialized, skipping
Refreshing native plugins compatible for Editor in 0.35 ms, found 2 plugins.
Preloading 0 native plugins for Editor in 0.00 ms.
Unloading 1527 Unused Serialized files (Serialized files now loaded: 0)
System memory in use before: 69.3 MB.
System memory in use after: 69.4 MB.

Unloading 12 unused Assets to reduce memory usage. Loaded Objects now: 1971.
Total: 2.265200 ms (FindLiveObjects: 0.112600 ms CreateObjectMapping: 0.033800 ms MarkObjects: 2.074400 ms  DeleteObjects: 0.043700 ms)

AssetImportParameters requested are different than current active one (requested -> active):
  custom:framework-win-MediaFoundation: 216162199b28c13a410421893ffa2e32 -> 
  custom:video-decoder-ogg-theora: a1e56fd34408186e4bbccfd4996cb3dc -> 
  custom:container-muxer-webm: aa71ff27fc2769a1b78a27578f13a17b -> 
  custom:container-demuxer-webm: 4f35f7cbe854078d1ac9338744f61a02 -> 
  custom:container-demuxer-ogg: 62fdf1f143b41e24485cea50d1cbac27 -> 
  custom:video-encoder-webm-vp8: eb34c28f22e8b96e1ab97ce403110664 -> 
  custom:video-decoder-webm-vp8: 9c59270c3fd7afecdb556c50c9e8de78 -> 
  custom:audio-decoder-ogg-vorbis: bf7c407c2cedff20999df2af8eb42d56 -> 
  custom:audio-encoder-webm-vorbis: bf7c407c2cedff20999df2af8eb42d56 -> 
========================================================================
Received Import Request.
  Time since last request: 150.097140 seconds.
  path: Assets/Ardity/Scripts/Samples
  artifactKey: Guid(fb564e11b72fd4246b44cf17edd81c00) Importer(815301076,1909f56bfc062723c751e8b465ee728b)
Start importing Assets/Ardity/Scripts/Samples using Guid(fb564e11b72fd4246b44cf17edd81c00) Importer(815301076,1909f56bfc062723c751e8b465ee728b)  -> (artifact id: '6fe552b1ab3743d0cff77ba7e0f05f75') in 0.007432 seconds 
========================================================================
Received Import Request.
  Time since last request: 0.780649 seconds.
  path: Assets/Ardity/Scripts/Samples/SampleCustomDelimiter.cs
  artifactKey: Guid(cc69f5bf38e48794ba71871e46f4bf57) Importer(815301076,1909f56bfc062723c751e8b465ee728b)
Start importing Assets/Ardity/Scripts/Samples/SampleCustomDelimiter.cs using Guid(cc69f5bf38e48794ba71871e46f4bf57) Importer(815301076,1909f56bfc062723c751e8b465ee728b)  -> (artifact id: 'd75b451851792ff100e6b245502ff001') in 0.005136 seconds 
========================================================================
Received Import Request.
  Time since last request: 1.166285 seconds.
  path: Assets/Ardity/Scripts/Samples/SampleMessageListener.cs
  artifactKey: Guid(1a03027548d784348a5d2b1fbe819cfa) Importer(815301076,1909f56bfc062723c751e8b465ee728b)
Start importing Assets/Ardity/Scripts/Samples/SampleMessageListener.cs using Guid(1a03027548d784348a5d2b1fbe819cfa) Importer(815301076,1909f56bfc062723c751e8b465ee728b)  -> (artifact id: '886f87d68d18402e267d3d6f24ecea3e') in 0.005035 seconds 
========================================================================
Received Import Request.
  Time since last request: 0.830246 seconds.
  path: Assets/Ardity/Scripts/Samples/SampleTearDown.cs
  artifactKey: Guid(e9eac196e6b8ea54098688bb8b14321b) Importer(815301076,1909f56bfc062723c751e8b465ee728b)
Start importing Assets/Ardity/Scripts/Samples/SampleTearDown.cs using Guid(e9eac196e6b8ea54098688bb8b14321b) Importer(815301076,1909f56bfc062723c751e8b465ee728b)  -> (artifact id: '1529d04cddafe4aa56b782ebd4f64bd1') in 0.004822 seconds 
========================================================================
Received Import Request.
  Time since last request: 0.719365 seconds.
  path: Assets/Ardity/Scripts/Samples/SampleUserPolling_JustRead.cs
  artifactKey: Guid(5eafe37a9721f1b42adb60967b9ab774) Importer(815301076,1909f56bfc062723c751e8b465ee728b)
Start importing Assets/Ardity/Scripts/Samples/SampleUserPolling_JustRead.cs using Guid(5eafe37a9721f1b42adb60967b9ab774) Importer(815301076,1909f56bfc062723c751e8b465ee728b)  -> (artifact id: '0823b66db2d7b183ee72c7601e7da0a1') in 0.004880 seconds 
========================================================================
Received Import Request.
  Time since last request: 1.797027 seconds.
  path: Assets/Ardity/Scripts/Samples/SampleUserPolling_ReadWrite.cs
  artifactKey: Guid(7a1815ab8d05e6d41a977b43884b4079) Importer(815301076,1909f56bfc062723c751e8b465ee728b)
Start importing Assets/Ardity/Scripts/Samples/SampleUserPolling_ReadWrite.cs using Guid(7a1815ab8d05e6d41a977b43884b4079) Importer(815301076,1909f56bfc062723c751e8b465ee728b)  -> (artifact id: 'c94b3f4387f080fafa80b6b39c166803') in 0.004969 seconds 
AssetImportWorkerClient::OnTransportError - code=2 error=End of file
